<?xml version="1.0" encoding="UTF-8"?>
<!-- Generated by org.testng.reporters.JUnitXMLReporter -->
<testsuite ignored="0" hostname="prasads-MacBook-Air.local" failures="0" tests="6" name="Default test" time="7.296" errors="0" timestamp="03 Apr 2024 21:11:06 GMT">
  <testcase classname="api.test.DataDrivenTests" name="testPostuser" time="2.394"/>
  <testcase classname="api.test.DataDrivenTests" name="testPostuser" time="0.626"/>
  <testcase classname="api.test.DataDrivenTests" name="testPostuser" time="0.614"/>
  <testcase classname="api.test.DataDrivenTests" name="testDeleteUserByName" time="0.654"/>
  <testcase classname="api.test.DataDrivenTests" name="testDeleteUserByName" time="0.598"/>
  <testcase classname="api.test.DataDrivenTests" name="testDeleteUserByName" time="0.619"/>
</testsuite> <!-- Default test -->
