<?xml version="1.0" encoding="UTF-8"?>
<testng-results ignored="0" total="4" passed="4" failed="0" skipped="0">
  <reporter-output>
  </reporter-output>
  <suite started-at="2024-04-03T22:44:52Z" name="UsersSuite" finished-at="2024-04-03T22:44:58Z" duration-ms="5802">
    <groups>
    </groups>
    <test started-at="2024-04-03T22:44:52Z" name="Test" finished-at="2024-04-03T22:44:58Z" duration-ms="5802">
      <class name="api.test.UserTests">
        <test-method is-config="true" signature="setUpdate()[pri:0, instance:api.test.UserTests@71e693fa]" started-at="2024-04-03T23:44:53Z" name="setUpdate" finished-at="2024-04-03T23:44:53Z" duration-ms="311" status="PASS">
          <reporter-output>
          </reporter-output>
        </test-method> <!-- setUpdate -->
        <test-method signature="testPostUser()[pri:1, instance:api.test.UserTests@71e693fa]" started-at="2024-04-03T23:44:53Z" name="testPostUser" finished-at="2024-04-03T23:44:56Z" duration-ms="2593" status="PASS">
          <reporter-output>
          </reporter-output>
        </test-method> <!-- testPostUser -->
        <test-method signature="testGetUserByName()[pri:2, instance:api.test.UserTests@71e693fa]" started-at="2024-04-03T23:44:56Z" name="testGetUserByName" finished-at="2024-04-03T23:44:56Z" duration-ms="670" status="PASS">
          <reporter-output>
          </reporter-output>
        </test-method> <!-- testGetUserByName -->
        <test-method signature="testUpdateUser()[pri:3, instance:api.test.UserTests@71e693fa]" started-at="2024-04-03T23:44:56Z" name="testUpdateUser" finished-at="2024-04-03T23:44:58Z" duration-ms="1264" status="PASS">
          <reporter-output>
          </reporter-output>
        </test-method> <!-- testUpdateUser -->
        <test-method signature="testDeleteUserByName()[pri:4, instance:api.test.UserTests@71e693fa]" started-at="2024-04-03T23:44:58Z" name="testDeleteUserByName" finished-at="2024-04-03T23:44:58Z" duration-ms="597" status="PASS">
          <reporter-output>
          </reporter-output>
        </test-method> <!-- testDeleteUserByName -->
      </class> <!-- api.test.UserTests -->
    </test> <!-- Test -->
  </suite> <!-- UsersSuite -->
</testng-results>
