<?xml version="1.0" encoding="UTF-8"?>
<testng-results ignored="0" total="2" passed="2" failed="0" skipped="0">
  <reporter-output>
  </reporter-output>
  <suite started-at="2024-04-03T12:49:04Z" name="Default suite" finished-at="2024-04-03T12:49:07Z" duration-ms="3740">
    <groups>
    </groups>
    <test started-at="2024-04-03T12:49:04Z" name="Default test" finished-at="2024-04-03T12:49:07Z" duration-ms="3740">
      <class name="api.test.UserTests">
        <test-method is-config="true" signature="setUpdate()[pri:0, instance:api.test.UserTests@409c54f]" started-at="2024-04-03T13:49:04Z" name="setUpdate" finished-at="2024-04-03T13:49:04Z" duration-ms="330" status="PASS">
          <reporter-output>
          </reporter-output>
        </test-method> <!-- setUpdate -->
        <test-method signature="testPostUser()[pri:1, instance:api.test.UserTests@409c54f]" started-at="2024-04-03T13:49:04Z" name="testPostUser" finished-at="2024-04-03T13:49:07Z" duration-ms="2715" status="PASS">
          <reporter-output>
          </reporter-output>
        </test-method> <!-- testPostUser -->
        <test-method signature="testGetUserByName()[pri:2, instance:api.test.UserTests@409c54f]" started-at="2024-04-03T13:49:07Z" name="testGetUserByName" finished-at="2024-04-03T13:49:07Z" duration-ms="674" status="PASS">
          <reporter-output>
          </reporter-output>
        </test-method> <!-- testGetUserByName -->
      </class> <!-- api.test.UserTests -->
    </test> <!-- Default test -->
  </suite> <!-- Default suite -->
</testng-results>
